{"uuid":"33144a27-ac30-4904-8f0d-8c9e4849fb20","historyId":"8d34ecfff862dd5038a04ec4ac935ca5","fullName":"com.viktorcompany.test.LoginPageTest.checkLoginWithValidCredentials","labels":[{"name":"package","value":"com.viktorcompany.test.LoginPageTest"},{"name":"testClass","value":"com.viktorcompany.test.LoginPageTest"},{"name":"testMethod","value":"checkLoginWithValidCredentials"},{"name":"parentSuite","value":"Automation demo suite"},{"name":"suite","value":"Demo test"},{"name":"subSuite","value":"com.viktorcompany.test.LoginPageTest"},{"name":"host","value":"510ikb1703"},{"name":"thread","value":"8380@510ikb1703.pool-1-thread-1(11)"}],"links":[],"name":"checkLoginWithValidCredentials","status":"failed","statusDetails":{"known":false,"muted":false,"flaky":false,"message":"Element not found {body > app-root > div > mat-sidenav-container > mat-sidenav-content > app-transactions > div > div > h3}\nExpected: visible","trace":"Element not found {body > app-root > div > mat-sidenav-container > mat-sidenav-content > app-transactions > div > div > h3}\nExpected: visible\nScreenshot: file:/H:/Projects/first-test/build/reports/tests/1533578836231.1.png\nPage source: file:/H:/Projects/first-test/build/reports/tests/1533578836231.1.html\nTimeout: 4 s.\nCaused by: NoSuchElementException: Unable to locate element: body > app-root > div > mat-sidenav-container > mat-sidenav-content > app-transactions > div > div > h3\r\n\tat com.codeborne.selenide.impl.WebElementSource.createElementNotFoundError(WebElementSource.java:31)\r\n\tat com.codeborne.selenide.impl.ElementFinder.createElementNotFoundError(ElementFinder.java:82)\r\n\tat com.codeborne.selenide.impl.WebElementSource.checkCondition(WebElementSource.java:59)\r\n\tat com.codeborne.selenide.commands.Should.should(Should.java:35)\r\n\tat com.codeborne.selenide.commands.Should.execute(Should.java:29)\r\n\tat com.codeborne.selenide.commands.Should.execute(Should.java:12)\r\n\tat com.codeborne.selenide.commands.Commands.execute(Commands.java:144)\r\n\tat com.codeborne.selenide.impl.SelenideElementProxy.dispatchAndRetry(SelenideElementProxy.java:87)\r\n\tat com.codeborne.selenide.impl.SelenideElementProxy.invoke(SelenideElementProxy.java:63)\r\n\tat com.sun.proxy.$Proxy7.shouldBe(Unknown Source)\r\n\tat com.viktorcompany.test.TransactionsPage.checkHeaderDisplayed_aroundBody0(TransactionsPage.java:17)\r\n\tat com.viktorcompany.test.TransactionsPage$AjcClosure1.run(TransactionsPage.java:1)\r\n\tat org.aspectj.runtime.reflect.JoinPointImpl.proceed(JoinPointImpl.java:149)\r\n\tat io.qameta.allure.aspects.StepsAspects.step(StepsAspects.java:51)\r\n\tat com.viktorcompany.test.TransactionsPage.checkHeaderDisplayed(TransactionsPage.java:17)\r\n\tat com.viktorcompany.test.LoginPageTest.checkLoginWithValidCredentials(LoginPageTest.java:15)\r\n\tat sun.reflect.NativeMethodAccessorImpl.invoke0(Native Method)\r\n\tat sun.reflect.NativeMethodAccessorImpl.invoke(NativeMethodAccessorImpl.java:62)\r\n\tat sun.reflect.DelegatingMethodAccessorImpl.invoke(DelegatingMethodAccessorImpl.java:43)\r\n\tat java.lang.reflect.Method.invoke(Method.java:498)\r\n\tat org.testng.internal.MethodInvocationHelper.invokeMethod(MethodInvocationHelper.java:104)\r\n\tat org.testng.internal.Invoker.invokeMethod(Invoker.java:645)\r\n\tat org.testng.internal.Invoker.invokeTestMethod(Invoker.java:851)\r\n\tat org.testng.internal.Invoker.invokeTestMethods(Invoker.java:1177)\r\n\tat org.testng.internal.TestMethodWorker.invokeTestMethods(TestMethodWorker.java:129)\r\n\tat org.testng.internal.TestMethodWorker.run(TestMethodWorker.java:112)\r\n\tat java.util.concurrent.ThreadPoolExecutor.runWorker(ThreadPoolExecutor.java:1142)\r\n\tat java.util.concurrent.ThreadPoolExecutor$Worker.run(ThreadPoolExecutor.java:617)\r\n\tat java.lang.Thread.run(Thread.java:748)\r\nCaused by: org.openqa.selenium.NoSuchElementException: Unable to locate element: body > app-root > div > mat-sidenav-container > mat-sidenav-content > app-transactions > div > div > h3\nFor documentation on this error, please visit: http://seleniumhq.org/exceptions/no_such_element.html\nBuild info: version: '3.11.0', revision: 'e59cfb3', time: '2018-03-11T20:26:55.152Z'\nSystem info: host: '510IKB1703', ip: '10.0.75.1', os.name: 'Windows 10', os.arch: 'amd64', os.version: '10.0', java.version: '1.8.0_131'\nDriver info: org.openqa.selenium.firefox.FirefoxDriver\nCapabilities {acceptInsecureCerts: true, browserName: firefox, browserVersion: 62.0, javascriptEnabled: true, moz:accessibilityChecks: false, moz:headless: false, moz:processID: 9776, moz:profile: C:\\Users\\1\\AppData\\Local\\Te..., moz:useNonSpecCompliantPointerOrigin: false, moz:webdriverClick: true, pageLoadStrategy: normal, platform: XP, platformName: XP, platformVersion: 10.0, rotatable: false, timeouts: {implicit: 0, pageLoad: 300000, script: 30000}}\nSession ID: a4829a55-0871-4ce1-b629-f233e7d62718\n*** Element info: {Using=css selector, value=body > app-root > div > mat-sidenav-container > mat-sidenav-content > app-transactions > div > div > h3}\r\n\tat sun.reflect.GeneratedConstructorAccessor15.newInstance(Unknown Source)\r\n\tat sun.reflect.DelegatingConstructorAccessorImpl.newInstance(DelegatingConstructorAccessorImpl.java:45)\r\n\tat java.lang.reflect.Constructor.newInstance(Constructor.java:423)\r\n\tat org.openqa.selenium.remote.http.W3CHttpResponseCodec.createException(W3CHttpResponseCodec.java:187)\r\n\tat org.openqa.selenium.remote.http.W3CHttpResponseCodec.decode(W3CHttpResponseCodec.java:122)\r\n\tat org.openqa.selenium.remote.http.W3CHttpResponseCodec.decode(W3CHttpResponseCodec.java:49)\r\n\tat org.openqa.selenium.remote.HttpCommandExecutor.execute(HttpCommandExecutor.java:158)\r\n\tat org.openqa.selenium.remote.service.DriverCommandExecutor.execute(DriverCommandExecutor.java:83)\r\n\tat org.openqa.selenium.remote.RemoteWebDriver.execute(RemoteWebDriver.java:545)\r\n\tat org.openqa.selenium.remote.RemoteWebDriver.findElement(RemoteWebDriver.java:319)\r\n\tat org.openqa.selenium.remote.RemoteWebDriver.findElementByCssSelector(RemoteWebDriver.java:413)\r\n\tat org.openqa.selenium.By$ByCssSelector.findElement(By.java:430)\r\n\tat org.openqa.selenium.remote.RemoteWebDriver.findElement(RemoteWebDriver.java:311)\r\n\tat com.codeborne.selenide.impl.WebElementSelector.findElement(WebElementSelector.java:29)\r\n\tat com.codeborne.selenide.impl.ElementFinder.getWebElement(ElementFinder.java:56)\r\n\tat com.codeborne.selenide.impl.WebElementSource.checkCondition(WebElementSource.java:44)\r\n\t... 26 more\r\n"},"stage":"finished","start":1533578822206,"stop":1533578836419,"steps":[{"name":"Open http://localhost:4200/login","status":"passed","stage":"finished","start":1533578822473,"stop":1533578831405,"parameters":[{"name":"url","value":"http://localhost:4200/login"}]},{"name":"Fill username","status":"passed","stage":"finished","start":1533578831405,"stop":1533578831568,"parameters":[{"name":"value","value":"2"}]},{"name":"Fill password","status":"passed","stage":"finished","start":1533578831568,"stop":1533578831697,"parameters":[{"name":"value","value":"1"}]},{"name":"Click Login button","status":"passed","stage":"finished","start":1533578831697,"stop":1533578831969},{"name":"All transcations header displayed","status":"failed","statusDetails":{"known":false,"muted":false,"flaky":false,"message":"Element not found {body > app-root > div > mat-sidenav-container > mat-sidenav-content > app-transactions > div > div > h3}\nExpected: visible","trace":"Element not found {body > app-root > div > mat-sidenav-container > mat-sidenav-content > app-transactions > div > div > h3}\nExpected: visible\nScreenshot: file:/H:/Projects/first-test/build/reports/tests/1533578836231.1.png\nPage source: file:/H:/Projects/first-test/build/reports/tests/1533578836231.1.html\nTimeout: 4 s.\nCaused by: NoSuchElementException: Unable to locate element: body > app-root > div > mat-sidenav-container > mat-sidenav-content > app-transactions > div > div > h3\r\n\tat com.codeborne.selenide.impl.WebElementSource.createElementNotFoundError(WebElementSource.java:31)\r\n\tat com.codeborne.selenide.impl.ElementFinder.createElementNotFoundError(ElementFinder.java:82)\r\n\tat com.codeborne.selenide.impl.WebElementSource.checkCondition(WebElementSource.java:59)\r\n\tat com.codeborne.selenide.commands.Should.should(Should.java:35)\r\n\tat com.codeborne.selenide.commands.Should.execute(Should.java:29)\r\n\tat com.codeborne.selenide.commands.Should.execute(Should.java:12)\r\n\tat com.codeborne.selenide.commands.Commands.execute(Commands.java:144)\r\n\tat com.codeborne.selenide.impl.SelenideElementProxy.dispatchAndRetry(SelenideElementProxy.java:87)\r\n\tat com.codeborne.selenide.impl.SelenideElementProxy.invoke(SelenideElementProxy.java:63)\r\n\tat com.sun.proxy.$Proxy7.shouldBe(Unknown Source)\r\n\tat com.viktorcompany.test.TransactionsPage.checkHeaderDisplayed_aroundBody0(TransactionsPage.java:17)\r\n\tat com.viktorcompany.test.TransactionsPage$AjcClosure1.run(TransactionsPage.java:1)\r\n\tat org.aspectj.runtime.reflect.JoinPointImpl.proceed(JoinPointImpl.java:149)\r\n\tat io.qameta.allure.aspects.StepsAspects.step(StepsAspects.java:51)\r\n\tat com.viktorcompany.test.TransactionsPage.checkHeaderDisplayed(TransactionsPage.java:17)\r\n\tat com.viktorcompany.test.LoginPageTest.checkLoginWithValidCredentials(LoginPageTest.java:15)\r\n\tat sun.reflect.NativeMethodAccessorImpl.invoke0(Native Method)\r\n\tat sun.reflect.NativeMethodAccessorImpl.invoke(NativeMethodAccessorImpl.java:62)\r\n\tat sun.reflect.DelegatingMethodAccessorImpl.invoke(DelegatingMethodAccessorImpl.java:43)\r\n\tat java.lang.reflect.Method.invoke(Method.java:498)\r\n\tat org.testng.internal.MethodInvocationHelper.invokeMethod(MethodInvocationHelper.java:104)\r\n\tat org.testng.internal.Invoker.invokeMethod(Invoker.java:645)\r\n\tat org.testng.internal.Invoker.invokeTestMethod(Invoker.java:851)\r\n\tat org.testng.internal.Invoker.invokeTestMethods(Invoker.java:1177)\r\n\tat org.testng.internal.TestMethodWorker.invokeTestMethods(TestMethodWorker.java:129)\r\n\tat org.testng.internal.TestMethodWorker.run(TestMethodWorker.java:112)\r\n\tat java.util.concurrent.ThreadPoolExecutor.runWorker(ThreadPoolExecutor.java:1142)\r\n\tat java.util.concurrent.ThreadPoolExecutor$Worker.run(ThreadPoolExecutor.java:617)\r\n\tat java.lang.Thread.run(Thread.java:748)\r\nCaused by: org.openqa.selenium.NoSuchElementException: Unable to locate element: body > app-root > div > mat-sidenav-container > mat-sidenav-content > app-transactions > div > div > h3\nFor documentation on this error, please visit: http://seleniumhq.org/exceptions/no_such_element.html\nBuild info: version: '3.11.0', revision: 'e59cfb3', time: '2018-03-11T20:26:55.152Z'\nSystem info: host: '510IKB1703', ip: '10.0.75.1', os.name: 'Windows 10', os.arch: 'amd64', os.version: '10.0', java.version: '1.8.0_131'\nDriver info: org.openqa.selenium.firefox.FirefoxDriver\nCapabilities {acceptInsecureCerts: true, browserName: firefox, browserVersion: 62.0, javascriptEnabled: true, moz:accessibilityChecks: false, moz:headless: false, moz:processID: 9776, moz:profile: C:\\Users\\1\\AppData\\Local\\Te..., moz:useNonSpecCompliantPointerOrigin: false, moz:webdriverClick: true, pageLoadStrategy: normal, platform: XP, platformName: XP, platformVersion: 10.0, rotatable: false, timeouts: {implicit: 0, pageLoad: 300000, script: 30000}}\nSession ID: a4829a55-0871-4ce1-b629-f233e7d62718\n*** Element info: {Using=css selector, value=body > app-root > div > mat-sidenav-container > mat-sidenav-content > app-transactions > div > div > h3}\r\n\tat sun.reflect.GeneratedConstructorAccessor15.newInstance(Unknown Source)\r\n\tat sun.reflect.DelegatingConstructorAccessorImpl.newInstance(DelegatingConstructorAccessorImpl.java:45)\r\n\tat java.lang.reflect.Constructor.newInstance(Constructor.java:423)\r\n\tat org.openqa.selenium.remote.http.W3CHttpResponseCodec.createException(W3CHttpResponseCodec.java:187)\r\n\tat org.openqa.selenium.remote.http.W3CHttpResponseCodec.decode(W3CHttpResponseCodec.java:122)\r\n\tat org.openqa.selenium.remote.http.W3CHttpResponseCodec.decode(W3CHttpResponseCodec.java:49)\r\n\tat org.openqa.selenium.remote.HttpCommandExecutor.execute(HttpCommandExecutor.java:158)\r\n\tat org.openqa.selenium.remote.service.DriverCommandExecutor.execute(DriverCommandExecutor.java:83)\r\n\tat org.openqa.selenium.remote.RemoteWebDriver.execute(RemoteWebDriver.java:545)\r\n\tat org.openqa.selenium.remote.RemoteWebDriver.findElement(RemoteWebDriver.java:319)\r\n\tat org.openqa.selenium.remote.RemoteWebDriver.findElementByCssSelector(RemoteWebDriver.java:413)\r\n\tat org.openqa.selenium.By$ByCssSelector.findElement(By.java:430)\r\n\tat org.openqa.selenium.remote.RemoteWebDriver.findElement(RemoteWebDriver.java:311)\r\n\tat com.codeborne.selenide.impl.WebElementSelector.findElement(WebElementSelector.java:29)\r\n\tat com.codeborne.selenide.impl.ElementFinder.getWebElement(ElementFinder.java:56)\r\n\tat com.codeborne.selenide.impl.WebElementSource.checkCondition(WebElementSource.java:44)\r\n\t... 26 more\r\n"},"stage":"finished","start":1533578831976,"stop":1533578836415}],"parameters":[]}